/*C5*/SET SCHEMA PUBLIC
DROP TABLE IF EXISTS testTable
/*C6*/SET SCHEMA PUBLIC
CREATE TABLE testTable (id IDENTITY NOT NULL, title VARCHAR(255) NOT NULL, price DECIMAL(10,2), dateFrom DATE, dateTo DATE, sell BOOLEAN DEFAULT FALSE NOT NULL)
/*C7*/SET SCHEMA PUBLIC
INSERT INTO TESTTABLE VALUES(0,'per1',10.50,'2017-04-13','2017-04-23',TRUE)
COMMIT
INSERT INTO TESTTABLE VALUES(1,'per4',243.90,'2017-05-13','2017-05-16',TRUE)
COMMIT
INSERT INTO TESTTABLE VALUES(2,'per2',11.20,'2017-06-13','2017-06-30',TRUE)
COMMIT
INSERT INTO TESTTABLE VALUES(3,'per4',340.10,'2017-07-13','2017-07-29',TRUE)
COMMIT
INSERT INTO TESTTABLE VALUES(4,'per3',12.30,'2017-08-13','2017-08-28',TRUE)
COMMIT
INSERT INTO TESTTABLE VALUES(5,'per4',23.50,'2017-09-13','2017-09-27',TRUE)
COMMIT
INSERT INTO TESTTABLE VALUES(6,'per5',16.20,'2017-10-13','2017-10-26',TRUE)
COMMIT
INSERT INTO TESTTABLE VALUES(7,'per3',190.20,'2017-11-13','2017-11-24',TRUE)
COMMIT
